<?xml version="1.0" encoding="UTF-8"?>
<!-- Generated by org.testng.reporters.JUnitXMLReporter -->
<testsuite hostname="DESKTOP-V23DU05" name="Default test" tests="5" failures="0" timestamp="18 Jan 2020 17:47:17 GMT" time="14.205" errors="0">
  <testcase name="OpenBrowser" time="3.169" classname="Package.TestGetClass"/>
  <testcase name="LaunchGmail" time="5.814" classname="Package.TestGetClass"/>
  <testcase name="SignIn" time="5.082" classname="Package.TestGetClass"/>
  <testcase name="GetURL" time="0.087" classname="Package.TestGetClass"/>
  <testcase name="DriverClose" time="0.017" classname="Package.TestGetClass"/>
</testsuite> <!-- Default test -->
